2025-08-31 00:32:05,676 [ERROR] LogOutputStream:75 - [STDERR_REDIRECT] 
2025-08-31 09:53:08,290 [INFO] Activator:176 - 


2025-08-31 09:53:08,295 [INFO] Activator:177 - !SESSION log4j initialized
2025-08-31 09:53:29,423 [INFO] LogOutputStream:77 - [STDOUT_REDIRECT] 
2025-08-31 09:53:32,996 [INFO] ApplicationProperties:184 - Using Application install path: C:\ST\STM32CubeIDE_1.18.1\STM32CubeIDE\plugins\com.st.stm32cube.common.mx_6.14.1.202504091515
2025-08-31 09:53:33,031 [INFO] DbMcusXml:78 - Set database path to: C:\ST\STM32CubeIDE_1.18.1\STM32CubeIDE\plugins\com.st.stm32cube.common.mx_6.14.1.202504091515\\db\/mcu/
2025-08-31 09:53:33,033 [INFO] ApiDb:274 - Set plugin database path to: C:\ST\STM32CubeIDE_1.18.1\STM32CubeIDE\plugins\com.st.stm32cube.common.mx_6.14.1.202504091515\\db\/plugins/boardmanager/
2025-08-31 09:53:33,033 [WARN] ApiDb:259 - Overriding images path with different value:  => C:\ST\STM32CubeIDE_1.18.1\STM32CubeIDE\plugins\com.st.stm32cube.common.mx_6.14.1.202504091515\\db\/plugins/mcufinder/images/
2025-08-31 09:53:33,059 [INFO] ApiDb:250 - Set database path to: C:\Users\Administrator\.stmcufinder\plugins\mcufinder//mcu/
2025-08-31 09:53:33,061 [INFO] DbMcusAds:125 - Set database path to: C:\Users\Administrator\.stmcufinder\plugins\mcufinder//mcu/
2025-08-31 09:53:33,065 [INFO] CrossReferenceDbSqlite:203 - Set database path to: C:\Users\Administrator\.stmcufinder\plugins\mcufinder//mcu/cs/
2025-08-31 09:53:33,272 [INFO] RulesReader:64 - Compatibility file has been processed (302 Rules)
2025-08-31 09:53:33,446 [INFO] DbMcusXml:78 - Set database path to: C:\ST\STM32CubeIDE_1.18.1\STM32CubeIDE\plugins\com.st.stm32cube.common.mx_6.14.1.202504091515\\db\/mcu/
2025-08-31 09:53:33,446 [INFO] ApiDb:274 - Set plugin database path to: C:\ST\STM32CubeIDE_1.18.1\STM32CubeIDE\plugins\com.st.stm32cube.common.mx_6.14.1.202504091515\\db\/plugins/boardmanager/
2025-08-31 09:53:33,446 [INFO] ApiDb:261 - Set plugin images path to: C:\ST\STM32CubeIDE_1.18.1\STM32CubeIDE\plugins\com.st.stm32cube.common.mx_6.14.1.202504091515\\db\/plugins/mcufinder/images/
2025-08-31 09:53:33,447 [WARN] DbFile:41 - Overriding database path with different value: C:\Users\Administrator\.stmcufinder\plugins\mcufinder/ => C:\Users\Administrator\.stmcufinder\plugins\mcufinder
2025-08-31 09:53:33,447 [INFO] ApiDb:250 - Set database path to: C:\Users\Administrator\.stmcufinder\plugins\mcufinder//mcu/
2025-08-31 09:53:33,447 [WARN] DbFile:41 - Overriding database path with different value: C:\Users\Administrator\.stmcufinder\plugins\mcufinder/ => C:\Users\Administrator\.stmcufinder\plugins\mcufinder
2025-08-31 09:53:33,447 [INFO] DbMcusAds:125 - Set database path to: C:\Users\Administrator\.stmcufinder\plugins\mcufinder//mcu/
2025-08-31 09:53:33,448 [WARN] DbFile:41 - Overriding database path with different value: C:\Users\Administrator\.stmcufinder\plugins\mcufinder/ => C:\Users\Administrator\.stmcufinder\plugins\mcufinder
2025-08-31 09:53:33,448 [WARN] DbFile:41 - Overriding database path with different value: C:\Users\Administrator\.stmcufinder\plugins\mcufinder/ => C:\Users\Administrator\.stmcufinder\plugins\mcufinder
2025-08-31 09:53:33,448 [INFO] CrossReferenceDbSqlite:203 - Set database path to: C:\Users\Administrator\.stmcufinder\plugins\mcufinder//mcu/cs/
2025-08-31 09:53:33,590 [INFO] MainPanel:272 - HeapMemory: 268435456
2025-08-31 09:53:33,795 [INFO] DbMcusXml:78 - Set database path to: C:\ST\STM32CubeIDE_1.18.1\STM32CubeIDE\plugins\com.st.stm32cube.common.mx_6.14.1.202504091515\\db\/mcu/
2025-08-31 09:53:33,795 [INFO] ApiDb:274 - Set plugin database path to: C:\ST\STM32CubeIDE_1.18.1\STM32CubeIDE\plugins\com.st.stm32cube.common.mx_6.14.1.202504091515\\db\/plugins/boardmanager/
2025-08-31 09:53:33,795 [INFO] ApiDb:261 - Set plugin images path to: C:\ST\STM32CubeIDE_1.18.1\STM32CubeIDE\plugins\com.st.stm32cube.common.mx_6.14.1.202504091515\\db\/plugins/mcufinder/images/
2025-08-31 09:53:33,796 [WARN] DbFile:41 - Overriding database path with different value: C:\Users\Administrator\.stmcufinder\plugins\mcufinder/ => C:\Users\Administrator\.stmcufinder\plugins\mcufinder
2025-08-31 09:53:33,797 [INFO] ApiDb:250 - Set database path to: C:\Users\Administrator\.stmcufinder\plugins\mcufinder//mcu/
2025-08-31 09:53:33,797 [WARN] DbFile:41 - Overriding database path with different value: C:\Users\Administrator\.stmcufinder\plugins\mcufinder/ => C:\Users\Administrator\.stmcufinder\plugins\mcufinder
2025-08-31 09:53:33,797 [INFO] DbMcusAds:125 - Set database path to: C:\Users\Administrator\.stmcufinder\plugins\mcufinder//mcu/
2025-08-31 09:53:33,798 [WARN] DbFile:41 - Overriding database path with different value: C:\Users\Administrator\.stmcufinder\plugins\mcufinder/ => C:\Users\Administrator\.stmcufinder\plugins\mcufinder
2025-08-31 09:53:33,798 [WARN] DbFile:41 - Overriding database path with different value: C:\Users\Administrator\.stmcufinder\plugins\mcufinder/ => C:\Users\Administrator\.stmcufinder\plugins\mcufinder
2025-08-31 09:53:33,798 [INFO] CrossReferenceDbSqlite:203 - Set database path to: C:\Users\Administrator\.stmcufinder\plugins\mcufinder//mcu/cs/
2025-08-31 09:53:33,834 [INFO] ApplicationProperties:184 - Using Application install path: C:\ST\STM32CubeIDE_1.18.1\STM32CubeIDE\plugins\com.st.stm32cube.common.mx_6.14.1.202504091515
2025-08-31 09:53:33,837 [INFO] PluginManage:196 - Search for loadable plugins [exclusion list=, ]
2025-08-31 09:53:33,839 [INFO] PluginManage:310 - Check plugin analytics
2025-08-31 09:53:34,199 [INFO] AnalyticsPlugin:253 - Accepted Software Licenses: STM32CubeMX.6.14.1
2025-08-31 09:53:34,199 [INFO] AnalyticsPlugin:255 - Accepted CMSIS Pack Licenses: 
2025-08-31 09:53:34,200 [INFO] AnalyticsPlugin:257 - Accepted Firmware Licenses: 
2025-08-31 09:53:34,205 [INFO] PluginManage:359 - Loaded plugin analytics (category:tool,tabindex:-1)
2025-08-31 09:53:34,206 [INFO] PluginManage:310 - Check plugin cadmodel
2025-08-31 09:53:34,246 [INFO] CADModel:105 - Init CAD model plugin
2025-08-31 09:53:34,247 [INFO] PluginManage:359 - Loaded plugin cadmodel (category:power,tabindex:5)
2025-08-31 09:53:34,247 [INFO] PluginManage:310 - Check plugin clock
2025-08-31 09:53:34,285 [INFO] PluginManage:359 - Loaded plugin clock (category:base,tabindex:2)
2025-08-31 09:53:34,285 [INFO] PluginManage:310 - Check plugin ddr
2025-08-31 09:53:34,292 [INFO] PluginManage:359 - Loaded plugin ddr (category:tool,tabindex:6)
2025-08-31 09:53:34,292 [INFO] PluginManage:310 - Check plugin filemanager
2025-08-31 09:53:34,567 [INFO] PluginManage:359 - Loaded plugin filemanager (category:base,tabindex:10)
2025-08-31 09:53:34,568 [INFO] PluginManage:310 - Check plugin ipmanager
2025-08-31 09:53:34,579 [INFO] PluginManage:359 - Loaded plugin ipmanager (category:base,tabindex:5)
2025-08-31 09:53:34,579 [INFO] PluginManage:310 - Check plugin lpbam
2025-08-31 09:53:34,611 [INFO] PluginManage:359 - Loaded plugin lpbam (category:base,tabindex:0)
2025-08-31 09:53:34,611 [INFO] PluginManage:310 - Check plugin memorymap
2025-08-31 09:53:34,652 [INFO] PluginManage:359 - Loaded plugin memorymap (category:base,tabindex:4)
2025-08-31 09:53:34,652 [INFO] PluginManage:310 - Check plugin pinoutandconfiguration
2025-08-31 09:53:34,685 [INFO] PluginManage:359 - Loaded plugin pinoutandconfiguration (category:base,tabindex:1)
2025-08-31 09:53:34,685 [INFO] PluginManage:310 - Check plugin pinoutconfig
2025-08-31 09:53:34,860 [WARN] SupportedApi:132 - Cannot load RTOS API schema: s4s-elt-must-match.1: The content of 'definitions' must match (annotation?, (simpleType | complexType)?, (unique | key | keyref)*)). A problem was found starting at: attribute.
2025-08-31 09:53:35,080 [INFO] PluginManage:359 - Loaded plugin pinoutconfig (category:base,tabindex:0)
2025-08-31 09:53:35,080 [INFO] PluginManage:310 - Check plugin power
2025-08-31 09:53:35,121 [INFO] PluginManage:359 - Loaded plugin power (category:power,tabindex:4)
2025-08-31 09:53:35,121 [INFO] PluginManage:310 - Check plugin projectmanager
2025-08-31 09:53:35,150 [INFO] PluginManage:359 - Loaded plugin projectmanager (category:projectmanager,tabindex:4)
2025-08-31 09:53:35,150 [INFO] PluginManage:310 - Check plugin rif
2025-08-31 09:53:35,182 [INFO] PluginManage:359 - Loaded plugin rif (category:base,tabindex:3)
2025-08-31 09:53:35,182 [INFO] PluginManage:310 - Check plugin thirdparty
2025-08-31 09:53:35,739 [INFO] PluginManage:359 - Loaded plugin thirdparty (category:base,tabindex:-1)
2025-08-31 09:53:35,740 [INFO] PluginManage:310 - Check plugin tools
2025-08-31 09:53:35,739 [WARN] IntegrityCheckThread:84 - waiting for thirdparty lock release [integrity check]
2025-08-31 09:53:35,741 [INFO] IntegrityCheckThread:86 - entering critical section [integrity check]
2025-08-31 09:53:35,742 [INFO] ThirdPartyUpdaterWithRetryManager:70 - Updater plugin not ready yet. [1/15]
2025-08-31 09:53:35,823 [INFO] PluginManage:359 - Loaded plugin tools (category:base,tabindex:7)
2025-08-31 09:53:35,823 [INFO] PluginManage:310 - Check plugin tutovideos
2025-08-31 09:53:36,212 [INFO] PluginManage:359 - Loaded plugin tutovideos (category:base,tabindex:-1)
2025-08-31 09:53:36,212 [INFO] PluginManage:310 - Check plugin updater
2025-08-31 09:53:36,275 [INFO] PluginManage:359 - Loaded plugin updater (category:base,tabindex:12)
2025-08-31 09:53:36,275 [INFO] PluginManage:310 - Check plugin userauth
2025-08-31 09:53:36,286 [INFO] UserAuth:118 - Init User Auth plugin
2025-08-31 09:53:36,288 [INFO] PluginManage:359 - Loaded plugin userauth (category:base,tabindex:14)
2025-08-31 09:53:36,289 [INFO] PluginManage:283 - PluginManage : Loaded plugins [18]
2025-08-31 09:53:36,728 [INFO] PinOutPanel:1589 - setPackage(No Configuration,No Configuration)
2025-08-31 09:53:36,899 [INFO] CADModel:165 - CPN selected for project level
2025-08-31 09:53:36,899 [INFO] CADModel:114 - Register for checkConnection events
2025-08-31 09:53:36,964 [INFO] IPUIPlugin:80 - create IPUIPlugin
2025-08-31 09:53:36,964 [INFO] PluginManager:220 - loadIPPluginJar : add adc
2025-08-31 09:53:37,057 [INFO] IPUIPlugin:80 - create IPUIPlugin
2025-08-31 09:53:37,058 [INFO] PluginManager:220 - loadIPPluginJar : add aes
2025-08-31 09:53:37,170 [INFO] IPUIPlugin:80 - create IPUIPlugin
2025-08-31 09:53:37,170 [INFO] PluginManager:220 - loadIPPluginJar : add can
2025-08-31 09:53:37,252 [INFO] IPUIPlugin:80 - create IPUIPlugin
2025-08-31 09:53:37,252 [INFO] PluginManager:220 - loadIPPluginJar : add comp
2025-08-31 09:53:37,387 [INFO] IPUIPlugin:80 - create IPUIPlugin
2025-08-31 09:53:37,387 [INFO] PluginManager:220 - loadIPPluginJar : add cryp
2025-08-31 09:53:37,424 [INFO] IPUIPlugin:80 - create IPUIPlugin
2025-08-31 09:53:37,424 [INFO] PluginManager:220 - loadIPPluginJar : add ddr_ctrl_phy
2025-08-31 09:53:37,483 [INFO] IPUIPlugin:80 - create IPUIPlugin
2025-08-31 09:53:37,484 [INFO] PluginManager:220 - loadIPPluginJar : add dfsdm
2025-08-31 09:53:37,523 [INFO] IPUIPlugin:80 - create IPUIPlugin
2025-08-31 09:53:37,524 [INFO] PluginManager:220 - loadIPPluginJar : add dma
2025-08-31 09:53:37,609 [INFO] IPUIPlugin:80 - create IPUIPlugin
2025-08-31 09:53:37,609 [INFO] PluginManager:220 - loadIPPluginJar : add dma3
2025-08-31 09:53:37,701 [INFO] IPUIPlugin:80 - create IPUIPlugin
2025-08-31 09:53:37,701 [INFO] PluginManager:220 - loadIPPluginJar : add extmemmanager
2025-08-31 09:53:37,762 [INFO] IPUIPlugin:80 - create IPUIPlugin
2025-08-31 09:53:37,762 [INFO] PluginManager:220 - loadIPPluginJar : add fatfs
2025-08-31 09:53:37,922 [INFO] IPUIPlugin:80 - create IPUIPlugin
2025-08-31 09:53:37,922 [INFO] PluginManager:220 - loadIPPluginJar : add fmc
2025-08-31 09:53:37,952 [INFO] IPUIPlugin:80 - create IPUIPlugin
2025-08-31 09:53:37,952 [INFO] PluginManager:220 - loadIPPluginJar : add freertos
2025-08-31 09:53:37,994 [INFO] IPUIPlugin:80 - create IPUIPlugin
2025-08-31 09:53:37,995 [INFO] PluginManager:220 - loadIPPluginJar : add genericplugin
2025-08-31 09:53:38,188 [INFO] IPUIPlugin:80 - create IPUIPlugin
2025-08-31 09:53:38,188 [INFO] PluginManager:220 - loadIPPluginJar : add gfxmmu
2025-08-31 09:53:38,494 [INFO] IPUIPlugin:80 - create IPUIPlugin
2025-08-31 09:53:38,494 [INFO] PluginManager:220 - loadIPPluginJar : add gic
2025-08-31 09:53:38,520 [INFO] IPUIPlugin:80 - create IPUIPlugin
2025-08-31 09:53:38,521 [INFO] PluginManager:220 - loadIPPluginJar : add gpio
2025-08-31 09:53:38,710 [INFO] IPUIPlugin:80 - create IPUIPlugin
2025-08-31 09:53:38,710 [INFO] PluginManager:220 - loadIPPluginJar : add gtzc
2025-08-31 09:53:38,743 [INFO] ThirdPartyUpdaterWithRetryManager:70 - Updater plugin not ready yet. [2/15]
2025-08-31 09:53:38,887 [INFO] IPUIPlugin:80 - create IPUIPlugin
2025-08-31 09:53:38,888 [INFO] PluginManager:220 - loadIPPluginJar : add hash
2025-08-31 09:53:39,027 [INFO] IPUIPlugin:80 - create IPUIPlugin
2025-08-31 09:53:39,027 [INFO] PluginManager:220 - loadIPPluginJar : add i2c
2025-08-31 09:53:39,127 [INFO] IPUIPlugin:80 - create IPUIPlugin
2025-08-31 09:53:39,128 [INFO] PluginManager:220 - loadIPPluginJar : add i2s
2025-08-31 09:53:39,227 [INFO] IPUIPlugin:80 - create IPUIPlugin
2025-08-31 09:53:39,228 [INFO] PluginManager:220 - loadIPPluginJar : add i3c
2025-08-31 09:53:39,463 [INFO] IPUIPlugin:80 - create IPUIPlugin
2025-08-31 09:53:39,463 [INFO] PluginManager:220 - loadIPPluginJar : add ipddr
2025-08-31 09:53:39,681 [INFO] IPUIPlugin:80 - create IPUIPlugin
2025-08-31 09:53:39,682 [INFO] PluginManager:220 - loadIPPluginJar : add linkedlist
2025-08-31 09:53:39,769 [INFO] IPUIPlugin:80 - create IPUIPlugin
2025-08-31 09:53:39,769 [INFO] PluginManager:220 - loadIPPluginJar : add lorawan
2025-08-31 09:53:39,845 [INFO] IPUIPlugin:80 - create IPUIPlugin
2025-08-31 09:53:39,845 [INFO] PluginManager:220 - loadIPPluginJar : add ltdc
2025-08-31 09:53:39,873 [INFO] IPUIPlugin:80 - create IPUIPlugin
2025-08-31 09:53:39,873 [INFO] PluginManager:220 - loadIPPluginJar : add mdma
2025-08-31 09:53:39,897 [INFO] IPUIPlugin:80 - create IPUIPlugin
2025-08-31 09:53:39,897 [INFO] PluginManager:220 - loadIPPluginJar : add nvic
2025-08-31 09:53:39,973 [INFO] IPUIPlugin:80 - create IPUIPlugin
2025-08-31 09:53:39,974 [INFO] PluginManager:220 - loadIPPluginJar : add opamp
2025-08-31 09:53:40,136 [INFO] IPUIPlugin:80 - create IPUIPlugin
2025-08-31 09:53:40,136 [INFO] PluginManager:220 - loadIPPluginJar : add openamp
2025-08-31 09:53:40,261 [INFO] IPUIPlugin:80 - create IPUIPlugin
2025-08-31 09:53:40,261 [INFO] PluginManager:220 - loadIPPluginJar : add pdm2pcm
2025-08-31 09:53:40,296 [INFO] IPUIPlugin:80 - create IPUIPlugin
2025-08-31 09:53:40,301 [INFO] PluginManager:220 - loadIPPluginJar : add plateformsettings
2025-08-31 09:53:40,369 [INFO] IPUIPlugin:80 - create IPUIPlugin
2025-08-31 09:53:40,369 [INFO] PluginManager:220 - loadIPPluginJar : add quadspi
2025-08-31 09:53:40,423 [INFO] IPUIPlugin:80 - create IPUIPlugin
2025-08-31 09:53:40,424 [INFO] PluginManager:220 - loadIPPluginJar : add radio
2025-08-31 09:53:40,451 [INFO] IPUIPlugin:80 - create IPUIPlugin
2025-08-31 09:53:40,452 [INFO] PluginManager:220 - loadIPPluginJar : add resmgrutility
2025-08-31 09:53:40,557 [INFO] IPUIPlugin:80 - create IPUIPlugin
2025-08-31 09:53:40,557 [INFO] PluginManager:220 - loadIPPluginJar : add sai
2025-08-31 09:53:40,636 [INFO] IPUIPlugin:80 - create IPUIPlugin
2025-08-31 09:53:40,636 [INFO] PluginManager:220 - loadIPPluginJar : add spi
2025-08-31 09:53:40,825 [INFO] IPUIPlugin:80 - create IPUIPlugin
2025-08-31 09:53:40,825 [INFO] PluginManager:220 - loadIPPluginJar : add stm32_wpan
2025-08-31 09:53:41,020 [INFO] IPUIPlugin:80 - create IPUIPlugin
2025-08-31 09:53:41,020 [INFO] PluginManager:220 - loadIPPluginJar : add tim
2025-08-31 09:53:41,141 [INFO] IPUIPlugin:80 - create IPUIPlugin
2025-08-31 09:53:41,141 [INFO] PluginManager:220 - loadIPPluginJar : add touchsensing
2025-08-31 09:53:41,186 [INFO] IPUIPlugin:80 - create IPUIPlugin
2025-08-31 09:53:41,186 [INFO] PluginManager:220 - loadIPPluginJar : add tracer_emb
2025-08-31 09:53:41,233 [INFO] IPUIPlugin:80 - create IPUIPlugin
2025-08-31 09:53:41,233 [INFO] PluginManager:220 - loadIPPluginJar : add ts
2025-08-31 09:53:41,278 [INFO] IPUIPlugin:80 - create IPUIPlugin
2025-08-31 09:53:41,278 [INFO] PluginManager:220 - loadIPPluginJar : add tsc
2025-08-31 09:53:41,322 [INFO] IPUIPlugin:80 - create IPUIPlugin
2025-08-31 09:53:41,323 [INFO] PluginManager:220 - loadIPPluginJar : add ucpd
2025-08-31 09:53:41,452 [INFO] IPUIPlugin:80 - create IPUIPlugin
2025-08-31 09:53:41,452 [INFO] PluginManager:220 - loadIPPluginJar : add usart
2025-08-31 09:53:41,547 [INFO] IPUIPlugin:80 - create IPUIPlugin
2025-08-31 09:53:41,547 [INFO] PluginManager:220 - loadIPPluginJar : add usbx
2025-08-31 09:53:41,744 [INFO] ThirdPartyUpdaterWithRetryManager:70 - Updater plugin not ready yet. [3/15]
2025-08-31 09:53:41,798 [FATAL] Updater:351 - Updater called before beeing initialized
2025-08-31 09:53:41,864 [INFO] RulesReader:64 - Compatibility file has been processed (302 Rules)
2025-08-31 09:53:41,890 [INFO] RulesReader:64 - Compatibility file has been processed (302 Rules)
2025-08-31 09:53:41,907 [INFO] CADModel:165 - CPN selected for project level
2025-08-31 09:53:41,907 [INFO] CADModel:114 - Register for checkConnection events
2025-08-31 09:53:41,908 [FATAL] Updater:351 - Updater called before beeing initialized
2025-08-31 09:53:41,908 [ERROR] CADModel:125 - Updater not yet initialized, retry later 
2025-08-31 09:53:42,195 [FATAL] Updater:351 - Updater called before beeing initialized
2025-08-31 09:53:42,198 [INFO] CADModel:165 - CPN selected for project level
2025-08-31 09:53:42,198 [INFO] CADModel:114 - Register for checkConnection events
2025-08-31 09:53:42,199 [FATAL] Updater:351 - Updater called before beeing initialized
2025-08-31 09:53:42,199 [ERROR] CADModel:125 - Updater not yet initialized, retry later 
2025-08-31 09:53:42,205 [FATAL] Updater:351 - Updater called before beeing initialized
2025-08-31 09:53:42,493 [FATAL] Updater:351 - Updater called before beeing initialized
2025-08-31 09:53:42,514 [INFO] DbMcusAds:53 - JSON generation date=Tue Jul 08 15:14:23 GMT+07:00 2025 (1751962463582)
2025-08-31 09:53:42,514 [FATAL] Updater:351 - Updater called before beeing initialized
2025-08-31 09:53:42,588 [WARN] DetailPanel:346 - Failed to get advertising image, set to default
2025-08-31 09:53:43,046 [FATAL] Updater:351 - Updater called before beeing initialized
2025-08-31 09:53:43,054 [FATAL] Updater:351 - Updater called before beeing initialized
2025-08-31 09:53:43,054 [FATAL] Updater:351 - Updater called before beeing initialized
2025-08-31 09:53:43,054 [WARN] DetailPanel:346 - Failed to get advertising image, set to default
2025-08-31 09:53:43,056 [FATAL] Updater:351 - Updater called before beeing initialized
2025-08-31 09:53:43,164 [ERROR] Updater:1198 - MainUpdater not yet initialized. External WinMGr cannot be set.
2025-08-31 09:53:43,182 [INFO] Updater:1134 - Updater Version found : 6.14.1
2025-08-31 09:53:43,212 [INFO] ApplicationProperties:184 - Using Application install path: C:\ST\STM32CubeIDE_1.18.1\STM32CubeIDE\plugins\com.st.stm32cube.common.mx_6.14.1.202504091515
2025-08-31 09:53:43,750 [INFO] MainUpdater:2872 - connection check result : 10
2025-08-31 09:53:43,752 [INFO] MainUpdater:289 - Updater Check For Update Now.
2025-08-31 09:53:43,752 [INFO] MicroXplorer:498 - Change Database Version : DB.6.0.141
2025-08-31 09:53:43,788 [INFO] McuFinderGlobals:63 - Set McuFinder mode to 2 (CubeIDE integrated)
2025-08-31 09:53:43,807 [INFO] UserAuth:484 - Internet connection configuration mode: 1
2025-08-31 09:53:43,886 [INFO] JxBrowserEngine:152 - Initiate JxBrowser Engine with user profile folder
2025-08-31 09:53:44,189 [INFO] CheckServerUpdateThread:120 - End of CheckServer Thread
2025-08-31 09:53:45,508 [WARN] PackLoader:240 - Cannot read IP mode file for STMicroelectronics.FP-SNS-MOTENVWB1.1.4.0
2025-08-31 09:53:45,548 [WARN] PackLoader:240 - Cannot read IP mode file for STMicroelectronics.FP-ATR-ASTRA1.2.0.2
2025-08-31 09:53:45,587 [WARN] PackLoader:240 - Cannot read IP mode file for STMicroelectronics.X-CUBE-SMBUS.2.1.0
2025-08-31 09:53:45,618 [WARN] PackLoader:240 - Cannot read IP mode file for STMicroelectronics.X-CUBE-ST60.1.0.0
2025-08-31 09:53:45,728 [WARN] PackLoader:240 - Cannot read IP mode file for STMicroelectronics.X-CUBE-AZRTOS-F7.1.1.0
2025-08-31 09:53:45,858 [WARN] PackLoader:240 - Cannot read IP mode file for Infineon.AIROC-Wi-Fi-Bluetooth-STM32.1.7.0
2025-08-31 09:53:45,981 [WARN] PackLoader:240 - Cannot read IP mode file for STMicroelectronics.X-CUBE-AZRTOS-H7.3.4.0
2025-08-31 09:53:46,033 [WARN] PackLoader:240 - Cannot read IP mode file for STMicroelectronics.X-CUBE-DISPLAY.3.0.0
2025-08-31 09:53:46,084 [WARN] PackLoader:240 - Cannot read IP mode file for STMicroelectronics.X-CUBE-NFC10.1.0.0
2025-08-31 09:53:46,144 [WARN] PackLoader:240 - Cannot read IP mode file for STMicroelectronics.X-CUBE-BLEMGR.4.0.0
2025-08-31 09:53:46,189 [WARN] PackLoader:240 - Cannot read IP mode file for emotas.I-CUBE-CANOPEN.1.3.0
2025-08-31 09:53:46,225 [WARN] ConditionMgr:438 - getConditionDescription Invalid condition id : Cortex-A Device cause : null
2025-08-31 09:53:46,280 [WARN] ConditionMgr:1044 - genDependencies : Invalid condition id : Cortex-A Device cause : null
2025-08-31 09:53:46,280 [WARN] ConditionMgr:1044 - genDependencies : Invalid condition id : Cortex-A Device cause : null
2025-08-31 09:53:46,280 [WARN] ConditionMgr:1044 - genDependencies : Invalid condition id : Cortex-A Device cause : null
2025-08-31 09:53:46,362 [ERROR] Engine:466 - C:\Users\Administrator\.stm32cubemx\thirdparties\pdsc\STMicroelectronics.FP-SNS-STBOX1.2.1.0.pdsc: PDSC version is not supported
2025-08-31 09:53:46,395 [WARN] PackLoader:240 - Cannot read IP mode file for STMicroelectronics.FP-SNS-SMARTAG2.1.2.0
2025-08-31 09:53:46,427 [WARN] PackLoader:240 - Cannot read IP mode file for STMicroelectronics.FP-SNS-FLIGHT1.5.1.0
2025-08-31 09:53:46,481 [INFO] LogOutputStream:77 - [STDOUT_REDIRECT] 1 : Invalid condition id : UX_CORESTACK_Condition cause : null
2025-08-31 09:53:46,483 [INFO] LogOutputStream:77 - [STDOUT_REDIRECT] 1 : Invalid condition id : UX_CORESTACK_Condition cause : null
2025-08-31 09:53:46,486 [INFO] LogOutputStream:77 - [STDOUT_REDIRECT] 1 : Invalid condition id : UX_CORESTACK_Condition cause : null
2025-08-31 09:53:46,491 [INFO] LogOutputStream:77 - [STDOUT_REDIRECT] 1 : Invalid condition id : UX_CORESTACK_Condition cause : null
2025-08-31 09:53:46,494 [INFO] LogOutputStream:77 - [STDOUT_REDIRECT] 1 : Invalid condition id : UX_CORESTACK_Condition cause : null
2025-08-31 09:53:46,501 [WARN] PackLoader:240 - Cannot read IP mode file for STMicroelectronics.X-CUBE-AZRTOS-WL.2.0.0
2025-08-31 09:53:46,534 [WARN] PackLoader:240 - Cannot read IP mode file for STMicroelectronics.FP-SNS-MOTENV1.5.0.0
2025-08-31 09:53:46,574 [WARN] PackLoader:240 - Cannot read IP mode file for WES.I-CUBE-Cesium.1.3.0
2025-08-31 09:53:46,614 [WARN] PackLoader:240 - Cannot read IP mode file for STMicroelectronics.X-CUBE-BLE2.3.3.0
2025-08-31 09:53:46,653 [WARN] PackLoader:240 - Cannot read IP mode file for STMicroelectronics.X-CUBE-NFC9.1.0.0
2025-08-31 09:53:46,692 [WARN] PackLoader:240 - Cannot read IP mode file for wolfSSL.I-CUBE-wolfSSL.5.8.0
2025-08-31 09:53:46,727 [WARN] PackLoader:240 - Cannot read IP mode file for STMicroelectronics.X-CUBE-BLE1.7.1.0
2025-08-31 09:53:46,757 [WARN] PackLoader:240 - Cannot read IP mode file for wolfSSL.I-CUBE-wolfMQTT.1.19.2
2025-08-31 09:53:46,794 [WARN] PackLoader:240 - Cannot read IP mode file for STMicroelectronics.X-CUBE-EEPRMA1.5.2.0
2025-08-31 09:53:46,826 [WARN] PackLoader:240 - Cannot read IP mode file for STMicroelectronics.X-CUBE-AI.10.1.0
2025-08-31 09:53:46,896 [WARN] PackLoader:240 - Cannot read IP mode file for STMicroelectronics.X-CUBE-AZRTOS-G0.1.1.0
2025-08-31 09:53:46,931 [WARN] PackLoader:240 - Cannot read IP mode file for STMicroelectronics.X-CUBE-SAFEA1.1.2.2
2025-08-31 09:53:46,964 [WARN] PackLoader:240 - Cannot read IP mode file for STMicroelectronics.X-CUBE-NFC4.3.0.0
2025-08-31 09:53:47,008 [WARN] PackLoader:240 - Cannot read IP mode file for EmbeddedOffice.I-CUBE-FS-RTOS.1.0.1
2025-08-31 09:53:47,049 [WARN] PackLoader:240 - Cannot read IP mode file for STMicroelectronics.X-CUBE-WB05N.2.0.0
2025-08-31 09:53:47,111 [WARN] PackLoader:240 - Cannot read IP mode file for wolfSSL.I-CUBE-wolfTPM.3.8.0
2025-08-31 09:53:47,140 [WARN] PackLoader:240 - Cannot read IP mode file for STMicroelectronics.X-CUBE-TCPP.4.2.0
2025-08-31 09:53:47,221 [WARN] PackLoader:240 - Cannot read IP mode file for RealThread.X-CUBE-RT-Thread_Nano.4.1.1
2025-08-31 09:53:47,265 [WARN] PackLoader:240 - Cannot read IP mode file for STMicroelectronics.FP-ATR-SIGFOX1.3.2.0
2025-08-31 09:53:47,302 [WARN] PackLoader:240 - Cannot read IP mode file for STMicroelectronics.X-CUBE-EEPRMA1.5.1.0
2025-08-31 09:53:47,349 [WARN] PackLoader:240 - Cannot read IP mode file for ITTIA_DB.I-CUBE-ITTIADB.8.9.0
2025-08-31 09:53:47,388 [WARN] PackLoader:240 - Cannot read IP mode file for STMicroelectronics.X-CUBE-ST67W61.1.0.0
2025-08-31 09:53:47,418 [WARN] PackLoader:240 - Cannot read IP mode file for STMicroelectronics.X-CUBE-AI.10.2.0
2025-08-31 09:53:47,545 [WARN] PackLoader:240 - Cannot read IP mode file for SEGGER.I-CUBE-embOS.1.3.1
2025-08-31 09:53:47,703 [WARN] PackLoader:240 - Cannot read IP mode file for STMicroelectronics.X-CUBE-ALGOBUILD.1.4.0
2025-08-31 09:53:47,978 [WARN] PackLoader:240 - Cannot read IP mode file for STMicroelectronics.X-CUBE-MEMS1.11.3.0
2025-08-31 09:53:48,540 [WARN] PackLoader:240 - Cannot read IP mode file for STMicroelectronics.X-CUBE-PM33A1.1.0.0
2025-08-31 09:53:48,619 [WARN] PackLoader:240 - Cannot read IP mode file for STMicroelectronics.X-CUBE-AZRTOS-F4.1.1.0
2025-08-31 09:53:48,665 [WARN] PackLoader:240 - Cannot read IP mode file for STMicroelectronics.X-CUBE-ISPU.2.1.0
2025-08-31 09:53:48,706 [WARN] PackLoader:240 - Cannot read IP mode file for STMicroelectronics.X-CUBE-NFC12.1.0.0
2025-08-31 09:53:48,795 [WARN] PackLoader:240 - Cannot read IP mode file for STMicroelectronics.X-CUBE-AZRTOS-L5.2.0.0
2025-08-31 09:53:48,837 [WARN] PackLoader:240 - Cannot read IP mode file for STMicroelectronics.X-CUBE-NFC6.3.1.0
2025-08-31 09:53:48,877 [WARN] PackLoader:240 - Cannot read IP mode file for STMicroelectronics.X-CUBE-FREERTOS.1.3.1
2025-08-31 09:53:48,917 [WARN] PackLoader:240 - Cannot read IP mode file for STMicroelectronics.FP-SNS-STAIOTCFT.1.0.0
2025-08-31 09:53:48,927 [INFO] WebApp:169 - Instantiating new browser for Auth
2025-08-31 09:53:48,954 [WARN] PackLoader:240 - Cannot read IP mode file for STMicroelectronics.X-CUBE-DPower.1.3.0
2025-08-31 09:53:49,046 [WARN] ConditionMgr:438 - getConditionDescription Invalid condition id : LAN8742 Phy interface Condition cause : null
2025-08-31 09:53:49,048 [WARN] PackLoader:240 - Cannot read IP mode file for STMicroelectronics.X-CUBE-AZRTOS-L4.2.0.0
2025-08-31 09:53:49,050 [WARN] ConditionMgr:1044 - genDependencies : Invalid condition id : LAN8742 Phy interface Condition cause : null
2025-08-31 09:53:49,050 [WARN] ConditionMgr:1044 - genDependencies : Invalid condition id : LAN8742 Phy interface Condition cause : null
2025-08-31 09:53:49,051 [WARN] ConditionMgr:1044 - genDependencies : Invalid condition id : LAN8742 Phy interface Condition cause : null
2025-08-31 09:53:49,093 [WARN] PackLoader:240 - Cannot read IP mode file for STMicroelectronics.X-CUBE-SFXS2LP1.4.0.0
2025-08-31 09:53:49,180 [WARN] PackLoader:240 - Cannot read IP mode file for STMicroelectronics.X-CUBE-AZRTOS-H7.3.3.0
2025-08-31 09:53:49,242 [WARN] PackLoader:240 - Cannot read IP mode file for STMicroelectronics.X-CUBE-BLEMGR.4.1.0
2025-08-31 09:53:49,315 [WARN] ConditionMgr:438 - getConditionDescription Invalid condition id : UX DEVICE CLASS RTOS Condition cause : null
2025-08-31 09:53:49,315 [WARN] ConditionMgr:438 - getConditionDescription Invalid condition id : UX DEVICE CLASS RTOS Condition cause : null
2025-08-31 09:53:49,321 [WARN] PackLoader:240 - Cannot read IP mode file for STMicroelectronics.X-CUBE-AZRTOS-WB.2.0.0
2025-08-31 09:53:49,322 [WARN] ConditionMgr:1044 - genDependencies : Invalid condition id : UX DEVICE CLASS RTOS Condition cause : null
2025-08-31 09:53:49,322 [WARN] ConditionMgr:1044 - genDependencies : Invalid condition id : UX DEVICE CLASS RTOS Condition cause : null
2025-08-31 09:53:49,323 [WARN] ConditionMgr:1044 - genDependencies : Invalid condition id : UX DEVICE CLASS RTOS Condition cause : null
2025-08-31 09:53:49,323 [WARN] ConditionMgr:1044 - genDependencies : Invalid condition id : UX DEVICE CLASS RTOS Condition cause : null
2025-08-31 09:53:49,324 [WARN] ConditionMgr:1044 - genDependencies : Invalid condition id : UX DEVICE CLASS RTOS Condition cause : null
2025-08-31 09:53:49,360 [WARN] PackLoader:240 - Cannot read IP mode file for STMicroelectronics.X-CUBE-GNSS1.7.0.1
2025-08-31 09:53:49,400 [WARN] PackLoader:240 - Cannot read IP mode file for STMicroelectronics.X-CUBE-TOUCHGFX.4.25.0
2025-08-31 09:53:49,436 [WARN] PackLoader:240 - Cannot read IP mode file for STMicroelectronics.FP-SNS-STBOX1.2.0.0
2025-08-31 09:53:49,490 [WARN] PackLoader:240 - Cannot read IP mode file for STMicroelectronics.X-CUBE-SUBG2.5.0.0
2025-08-31 09:53:49,583 [WARN] PackLoader:240 - Cannot read IP mode file for STMicroelectronics.X-CUBE-AZRTOS-H7RS.1.1.0
2025-08-31 09:53:49,612 [WARN] PackLoader:240 - Cannot read IP mode file for Cesanta.I-CUBE-Mongoose.7.13.0
2025-08-31 09:53:49,687 [WARN] PackLoader:240 - Cannot read IP mode file for STMicroelectronics.X-CUBE-AZRTOS-G4.2.0.0
2025-08-31 09:53:49,720 [WARN] PackLoader:240 - Cannot read IP mode file for wolfSSL.I-CUBE-wolfSSH.1.4.20
2025-08-31 09:53:49,767 [WARN] PackLoader:240 - Cannot read IP mode file for STMicroelectronics.X-CUBE-NFC7.2.0.0
2025-08-31 09:53:49,850 [WARN] PackLoader:240 - Cannot read IP mode file for STMicroelectronics.X-CUBE-IPS.3.1.0
2025-08-31 09:53:49,906 [WARN] PackLoader:240 - Cannot read IP mode file for STMicroelectronics.X-CUBE-ALS.1.0.2
2025-08-31 09:53:49,952 [WARN] PackLoader:240 - Cannot read IP mode file for portGmbH.I-Cube-SoM-uGOAL.1.1.0
2025-08-31 09:53:50,009 [WARN] PackLoader:240 - Cannot read IP mode file for STMicroelectronics.X-CUBE-TOF1.3.4.3
2025-08-31 09:53:50,030 [INFO] ThirdParty:978 - Integrity check success = true
2025-08-31 09:53:50,030 [INFO] IntegrityCheckThread:100 - exiting critical section [integrity check]
2025-08-31 09:53:50,031 [INFO] IntegrityCheckThread:103 - End integrity checks thread
2025-08-31 09:53:51,895 [INFO] WebApp:463 - Apply proxy settings
2025-08-31 09:53:51,896 [INFO] WebApp:548 - Chromium requires no authentication
2025-08-31 09:53:51,968 [INFO] WebApp:491 - Direct internet connection detected
2025-08-31 09:53:52,056 [INFO] WebApp:894 - Register for checkConnection events
2025-08-31 09:53:52,056 [INFO] WebApp:463 - Apply proxy settings
2025-08-31 09:53:52,056 [INFO] WebApp:548 - Chromium requires no authentication
2025-08-31 09:53:52,058 [INFO] WebApp:491 - Direct internet connection detected
2025-08-31 09:53:52,651 [INFO] WebApp:191 - Connection restablished
2025-08-31 09:53:52,755 [INFO] WebApp:225 - Starting web application
2025-08-31 09:53:52,755 [INFO] WebApp:593 - Web application path used C:\ST\STM32CubeIDE_1.18.1\STM32CubeIDE\plugins\com.st.stm32cube.common.mx_6.14.1.202504091515\db\plugins\mcufinder\reactClient1\index.html
2025-08-31 09:53:53,784 [INFO] UserAuth:484 - Internet connection configuration mode: 1
2025-08-31 10:31:49,289 [ERROR] LogOutputStream:75 - [STDERR_REDIRECT] 
